<?xml version="1.0" encoding="UTF-8"?>
<testsuite xmlns:xsi="http://www.w3.org/2001/XMLSchema-instance" xsi:noNamespaceSchemaLocation="https://maven.apache.org/surefire/maven-surefire-plugin/xsd/surefire-test-report.xsd" name="com.mymendian.mymendian.MymendianApplicationTests" time="31.489" tests="1" errors="0" skipped="0" failures="0">
  <properties>
    <property name="sun.desktop" value="windows"/>
    <property name="awt.toolkit" value="sun.awt.windows.WToolkit"/>
    <property name="file.encoding.pkg" value="sun.io"/>
    <property name="java.specification.version" value="1.8"/>
    <property name="sun.cpu.isalist" value="amd64"/>
    <property name="sun.jnu.encoding" value="GBK"/>
    <property name="java.class.path" value="D:\IntelliJ IDEA\IntelliJ IDEA 2018.3.5\仓库\汽车销售系统 - 副本\target\test-classes;D:\IntelliJ IDEA\IntelliJ IDEA 2018.3.5\仓库\汽车销售系统 - 副本\target\classes;D:\java_dev_env\maven-repository\org\springframework\boot\spring-boot-starter-web\2.1.4.RELEASE\spring-boot-starter-web-2.1.4.RELEASE.jar;D:\java_dev_env\maven-repository\org\springframework\boot\spring-boot-starter\2.1.4.RELEASE\spring-boot-starter-2.1.4.RELEASE.jar;D:\java_dev_env\maven-repository\org\springframework\boot\spring-boot\2.1.4.RELEASE\spring-boot-2.1.4.RELEASE.jar;D:\java_dev_env\maven-repository\org\springframework\boot\spring-boot-autoconfigure\2.1.4.RELEASE\spring-boot-autoconfigure-2.1.4.RELEASE.jar;D:\java_dev_env\maven-repository\org\springframework\boot\spring-boot-starter-logging\2.1.4.RELEASE\spring-boot-starter-logging-2.1.4.RELEASE.jar;D:\java_dev_env\maven-repository\ch\qos\logback\logback-classic\1.2.3\logback-classic-1.2.3.jar;D:\java_dev_env\maven-repository\ch\qos\logback\logback-core\1.2.3\logback-core-1.2.3.jar;D:\java_dev_env\maven-repository\org\apache\logging\log4j\log4j-to-slf4j\2.11.2\log4j-to-slf4j-2.11.2.jar;D:\java_dev_env\maven-repository\org\apache\logging\log4j\log4j-api\2.11.2\log4j-api-2.11.2.jar;D:\java_dev_env\maven-repository\org\slf4j\jul-to-slf4j\1.7.26\jul-to-slf4j-1.7.26.jar;D:\java_dev_env\maven-repository\javax\annotation\javax.annotation-api\1.3.2\javax.annotation-api-1.3.2.jar;D:\java_dev_env\maven-repository\org\yaml\snakeyaml\1.23\snakeyaml-1.23.jar;D:\java_dev_env\maven-repository\org\springframework\boot\spring-boot-starter-json\2.1.4.RELEASE\spring-boot-starter-json-2.1.4.RELEASE.jar;D:\java_dev_env\maven-repository\com\fasterxml\jackson\core\jackson-databind\2.9.8\jackson-databind-2.9.8.jar;D:\java_dev_env\maven-repository\com\fasterxml\jackson\core\jackson-annotations\2.9.0\jackson-annotations-2.9.0.jar;D:\java_dev_env\maven-repository\com\fasterxml\jackson\core\jackson-core\2.9.8\jackson-core-2.9.8.jar;D:\java_dev_env\maven-repository\com\fasterxml\jackson\datatype\jackson-datatype-jdk8\2.9.8\jackson-datatype-jdk8-2.9.8.jar;D:\java_dev_env\maven-repository\com\fasterxml\jackson\datatype\jackson-datatype-jsr310\2.9.8\jackson-datatype-jsr310-2.9.8.jar;D:\java_dev_env\maven-repository\com\fasterxml\jackson\module\jackson-module-parameter-names\2.9.8\jackson-module-parameter-names-2.9.8.jar;D:\java_dev_env\maven-repository\org\springframework\boot\spring-boot-starter-tomcat\2.1.4.RELEASE\spring-boot-starter-tomcat-2.1.4.RELEASE.jar;D:\java_dev_env\maven-repository\org\apache\tomcat\embed\tomcat-embed-core\9.0.17\tomcat-embed-core-9.0.17.jar;D:\java_dev_env\maven-repository\org\apache\tomcat\embed\tomcat-embed-el\9.0.17\tomcat-embed-el-9.0.17.jar;D:\java_dev_env\maven-repository\org\apache\tomcat\embed\tomcat-embed-websocket\9.0.17\tomcat-embed-websocket-9.0.17.jar;D:\java_dev_env\maven-repository\org\hibernate\validator\hibernate-validator\6.0.16.Final\hibernate-validator-6.0.16.Final.jar;D:\java_dev_env\maven-repository\javax\validation\validation-api\2.0.1.Final\validation-api-2.0.1.Final.jar;D:\java_dev_env\maven-repository\org\jboss\logging\jboss-logging\3.3.2.Final\jboss-logging-3.3.2.Final.jar;D:\java_dev_env\maven-repository\com\fasterxml\classmate\1.4.0\classmate-1.4.0.jar;D:\java_dev_env\maven-repository\org\springframework\spring-web\5.1.6.RELEASE\spring-web-5.1.6.RELEASE.jar;D:\java_dev_env\maven-repository\org\springframework\spring-beans\5.1.6.RELEASE\spring-beans-5.1.6.RELEASE.jar;D:\java_dev_env\maven-repository\org\springframework\spring-webmvc\5.1.6.RELEASE\spring-webmvc-5.1.6.RELEASE.jar;D:\java_dev_env\maven-repository\org\springframework\spring-aop\5.1.6.RELEASE\spring-aop-5.1.6.RELEASE.jar;D:\java_dev_env\maven-repository\org\springframework\spring-context\5.1.6.RELEASE\spring-context-5.1.6.RELEASE.jar;D:\java_dev_env\maven-repository\org\springframework\spring-expression\5.1.6.RELEASE\spring-expression-5.1.6.RELEASE.jar;D:\java_dev_env\maven-repository\org\springframework\boot\spring-boot-starter-test\2.1.4.RELEASE\spring-boot-starter-test-2.1.4.RELEASE.jar;D:\java_dev_env\maven-repository\org\springframework\boot\spring-boot-test\2.1.4.RELEASE\spring-boot-test-2.1.4.RELEASE.jar;D:\java_dev_env\maven-repository\org\springframework\boot\spring-boot-test-autoconfigure\2.1.4.RELEASE\spring-boot-test-autoconfigure-2.1.4.RELEASE.jar;D:\java_dev_env\maven-repository\com\jayway\jsonpath\json-path\2.4.0\json-path-2.4.0.jar;D:\java_dev_env\maven-repository\net\minidev\json-smart\2.3\json-smart-2.3.jar;D:\java_dev_env\maven-repository\net\minidev\accessors-smart\1.2\accessors-smart-1.2.jar;D:\java_dev_env\maven-repository\org\ow2\asm\asm\5.0.4\asm-5.0.4.jar;D:\java_dev_env\maven-repository\junit\junit\4.12\junit-4.12.jar;D:\java_dev_env\maven-repository\org\assertj\assertj-core\3.11.1\assertj-core-3.11.1.jar;D:\java_dev_env\maven-repository\org\mockito\mockito-core\2.23.4\mockito-core-2.23.4.jar;D:\java_dev_env\maven-repository\net\bytebuddy\byte-buddy\1.9.12\byte-buddy-1.9.12.jar;D:\java_dev_env\maven-repository\net\bytebuddy\byte-buddy-agent\1.9.12\byte-buddy-agent-1.9.12.jar;D:\java_dev_env\maven-repository\org\objenesis\objenesis\2.6\objenesis-2.6.jar;D:\java_dev_env\maven-repository\org\hamcrest\hamcrest-core\1.3\hamcrest-core-1.3.jar;D:\java_dev_env\maven-repository\org\hamcrest\hamcrest-library\1.3\hamcrest-library-1.3.jar;D:\java_dev_env\maven-repository\org\skyscreamer\jsonassert\1.5.0\jsonassert-1.5.0.jar;D:\java_dev_env\maven-repository\com\vaadin\external\google\android-json\0.0.20131108.vaadin1\android-json-0.0.20131108.vaadin1.jar;D:\java_dev_env\maven-repository\org\springframework\spring-core\5.1.6.RELEASE\spring-core-5.1.6.RELEASE.jar;D:\java_dev_env\maven-repository\org\springframework\spring-jcl\5.1.6.RELEASE\spring-jcl-5.1.6.RELEASE.jar;D:\java_dev_env\maven-repository\org\springframework\spring-test\5.1.6.RELEASE\spring-test-5.1.6.RELEASE.jar;D:\java_dev_env\maven-repository\org\xmlunit\xmlunit-core\2.6.2\xmlunit-core-2.6.2.jar;D:\java_dev_env\maven-repository\mysql\mysql-connector-java\8.0.15\mysql-connector-java-8.0.15.jar;D:\java_dev_env\maven-repository\org\springframework\boot\spring-boot-starter-jdbc\2.1.4.RELEASE\spring-boot-starter-jdbc-2.1.4.RELEASE.jar;D:\java_dev_env\maven-repository\com\zaxxer\HikariCP\3.2.0\HikariCP-3.2.0.jar;D:\java_dev_env\maven-repository\org\springframework\spring-jdbc\5.1.6.RELEASE\spring-jdbc-5.1.6.RELEASE.jar;D:\java_dev_env\maven-repository\org\springframework\spring-tx\5.1.6.RELEASE\spring-tx-5.1.6.RELEASE.jar;D:\java_dev_env\maven-repository\org\springframework\boot\spring-boot-starter-data-jpa\2.1.4.RELEASE\spring-boot-starter-data-jpa-2.1.4.RELEASE.jar;D:\java_dev_env\maven-repository\org\springframework\boot\spring-boot-starter-aop\2.1.4.RELEASE\spring-boot-starter-aop-2.1.4.RELEASE.jar;D:\java_dev_env\maven-repository\org\aspectj\aspectjweaver\1.9.2\aspectjweaver-1.9.2.jar;D:\java_dev_env\maven-repository\javax\transaction\javax.transaction-api\1.3\javax.transaction-api-1.3.jar;D:\java_dev_env\maven-repository\javax\xml\bind\jaxb-api\2.3.1\jaxb-api-2.3.1.jar;D:\java_dev_env\maven-repository\javax\activation\javax.activation-api\1.2.0\javax.activation-api-1.2.0.jar;D:\java_dev_env\maven-repository\org\hibernate\hibernate-core\5.3.9.Final\hibernate-core-5.3.9.Final.jar;D:\java_dev_env\maven-repository\javax\persistence\javax.persistence-api\2.2\javax.persistence-api-2.2.jar;D:\java_dev_env\maven-repository\org\javassist\javassist\3.23.1-GA\javassist-3.23.1-GA.jar;D:\java_dev_env\maven-repository\antlr\antlr\2.7.7\antlr-2.7.7.jar;D:\java_dev_env\maven-repository\org\jboss\jandex\2.0.5.Final\jandex-2.0.5.Final.jar;D:\java_dev_env\maven-repository\org\dom4j\dom4j\2.1.1\dom4j-2.1.1.jar;D:\java_dev_env\maven-repository\org\hibernate\common\hibernate-commons-annotations\5.0.4.Final\hibernate-commons-annotations-5.0.4.Final.jar;D:\java_dev_env\maven-repository\org\springframework\data\spring-data-jpa\2.1.6.RELEASE\spring-data-jpa-2.1.6.RELEASE.jar;D:\java_dev_env\maven-repository\org\springframework\data\spring-data-commons\2.1.6.RELEASE\spring-data-commons-2.1.6.RELEASE.jar;D:\java_dev_env\maven-repository\org\springframework\spring-orm\5.1.6.RELEASE\spring-orm-5.1.6.RELEASE.jar;D:\java_dev_env\maven-repository\org\springframework\spring-aspects\5.1.6.RELEASE\spring-aspects-5.1.6.RELEASE.jar;D:\java_dev_env\maven-repository\org\springframework\boot\spring-boot-starter-thymeleaf\2.1.4.RELEASE\spring-boot-starter-thymeleaf-2.1.4.RELEASE.jar;D:\java_dev_env\maven-repository\org\thymeleaf\thymeleaf-spring5\3.0.11.RELEASE\thymeleaf-spring5-3.0.11.RELEASE.jar;D:\java_dev_env\maven-repository\org\thymeleaf\thymeleaf\3.0.11.RELEASE\thymeleaf-3.0.11.RELEASE.jar;D:\java_dev_env\maven-repository\org\attoparser\attoparser\2.0.5.RELEASE\attoparser-2.0.5.RELEASE.jar;D:\java_dev_env\maven-repository\org\unbescape\unbescape\1.1.6.RELEASE\unbescape-1.1.6.RELEASE.jar;D:\java_dev_env\maven-repository\org\thymeleaf\extras\thymeleaf-extras-java8time\3.0.4.RELEASE\thymeleaf-extras-java8time-3.0.4.RELEASE.jar;D:\java_dev_env\maven-repository\org\springframework\boot\spring-boot-starter-mail\2.1.4.RELEASE\spring-boot-starter-mail-2.1.4.RELEASE.jar;D:\java_dev_env\maven-repository\org\springframework\spring-context-support\5.1.6.RELEASE\spring-context-support-5.1.6.RELEASE.jar;D:\java_dev_env\maven-repository\com\sun\mail\javax.mail\1.6.2\javax.mail-1.6.2.jar;D:\java_dev_env\maven-repository\javax\activation\activation\1.1\activation-1.1.jar;D:\java_dev_env\maven-repository\org\apache\commons\commons-lang3\3.3.2\commons-lang3-3.3.2.jar;D:\java_dev_env\maven-repository\org\mybatis\spring\boot\mybatis-spring-boot-starter\1.3.0\mybatis-spring-boot-starter-1.3.0.jar;D:\java_dev_env\maven-repository\org\mybatis\spring\boot\mybatis-spring-boot-autoconfigure\1.3.0\mybatis-spring-boot-autoconfigure-1.3.0.jar;D:\java_dev_env\maven-repository\org\mybatis\mybatis\3.4.4\mybatis-3.4.4.jar;D:\java_dev_env\maven-repository\org\mybatis\mybatis-spring\1.3.1\mybatis-spring-1.3.1.jar;D:\java_dev_env\maven-repository\tk\mybatis\mapper-spring-boot-starter\1.1.4\mapper-spring-boot-starter-1.1.4.jar;D:\java_dev_env\maven-repository\tk\mybatis\mapper-spring-boot-autoconfigure\1.1.4\mapper-spring-boot-autoconfigure-1.1.4.jar;D:\java_dev_env\maven-repository\tk\mybatis\mapper\3.4.3\mapper-3.4.3.jar;D:\java_dev_env\maven-repository\javax\persistence\persistence-api\1.0\persistence-api-1.0.jar;D:\java_dev_env\maven-repository\org\quartz-scheduler\quartz\2.3.1\quartz-2.3.1.jar;D:\java_dev_env\maven-repository\com\mchange\mchange-commons-java\0.2.15\mchange-commons-java-0.2.15.jar;D:\java_dev_env\maven-repository\com\zaxxer\HikariCP-java7\2.4.13\HikariCP-java7-2.4.13.jar;D:\java_dev_env\maven-repository\org\slf4j\slf4j-api\1.7.26\slf4j-api-1.7.26.jar;"/>
    <property name="java.vm.vendor" value="Oracle Corporation"/>
    <property name="sun.arch.data.model" value="64"/>
    <property name="user.variant" value=""/>
    <property name="java.vendor.url" value="http://java.oracle.com/"/>
    <property name="user.timezone" value="Asia/Shanghai"/>
    <property name="java.vm.specification.version" value="1.8"/>
    <property name="os.name" value="Windows 10"/>
    <property name="user.country" value="CN"/>
    <property name="sun.java.launcher" value="SUN_STANDARD"/>
    <property name="sun.boot.library.path" value="D:\Program Files\Java\jdk1.8.0_131\jre\bin"/>
    <property name="sun.java.command" value="C:\Users\郑润楷\AppData\Local\Temp\surefire3029735843346072237\surefirebooter4388276504983860811.jar C:\Users\郑润楷\AppData\Local\Temp\surefire3029735843346072237 2020-12-25T22-41-11_486-jvmRun1 surefire3822385220648399205tmp surefire_04702358992486484527tmp"/>
    <property name="surefire.test.class.path" value="D:\IntelliJ IDEA\IntelliJ IDEA 2018.3.5\仓库\汽车销售系统 - 副本\target\test-classes;D:\IntelliJ IDEA\IntelliJ IDEA 2018.3.5\仓库\汽车销售系统 - 副本\target\classes;D:\java_dev_env\maven-repository\org\springframework\boot\spring-boot-starter-web\2.1.4.RELEASE\spring-boot-starter-web-2.1.4.RELEASE.jar;D:\java_dev_env\maven-repository\org\springframework\boot\spring-boot-starter\2.1.4.RELEASE\spring-boot-starter-2.1.4.RELEASE.jar;D:\java_dev_env\maven-repository\org\springframework\boot\spring-boot\2.1.4.RELEASE\spring-boot-2.1.4.RELEASE.jar;D:\java_dev_env\maven-repository\org\springframework\boot\spring-boot-autoconfigure\2.1.4.RELEASE\spring-boot-autoconfigure-2.1.4.RELEASE.jar;D:\java_dev_env\maven-repository\org\springframework\boot\spring-boot-starter-logging\2.1.4.RELEASE\spring-boot-starter-logging-2.1.4.RELEASE.jar;D:\java_dev_env\maven-repository\ch\qos\logback\logback-classic\1.2.3\logback-classic-1.2.3.jar;D:\java_dev_env\maven-repository\ch\qos\logback\logback-core\1.2.3\logback-core-1.2.3.jar;D:\java_dev_env\maven-repository\org\apache\logging\log4j\log4j-to-slf4j\2.11.2\log4j-to-slf4j-2.11.2.jar;D:\java_dev_env\maven-repository\org\apache\logging\log4j\log4j-api\2.11.2\log4j-api-2.11.2.jar;D:\java_dev_env\maven-repository\org\slf4j\jul-to-slf4j\1.7.26\jul-to-slf4j-1.7.26.jar;D:\java_dev_env\maven-repository\javax\annotation\javax.annotation-api\1.3.2\javax.annotation-api-1.3.2.jar;D:\java_dev_env\maven-repository\org\yaml\snakeyaml\1.23\snakeyaml-1.23.jar;D:\java_dev_env\maven-repository\org\springframework\boot\spring-boot-starter-json\2.1.4.RELEASE\spring-boot-starter-json-2.1.4.RELEASE.jar;D:\java_dev_env\maven-repository\com\fasterxml\jackson\core\jackson-databind\2.9.8\jackson-databind-2.9.8.jar;D:\java_dev_env\maven-repository\com\fasterxml\jackson\core\jackson-annotations\2.9.0\jackson-annotations-2.9.0.jar;D:\java_dev_env\maven-repository\com\fasterxml\jackson\core\jackson-core\2.9.8\jackson-core-2.9.8.jar;D:\java_dev_env\maven-repository\com\fasterxml\jackson\datatype\jackson-datatype-jdk8\2.9.8\jackson-datatype-jdk8-2.9.8.jar;D:\java_dev_env\maven-repository\com\fasterxml\jackson\datatype\jackson-datatype-jsr310\2.9.8\jackson-datatype-jsr310-2.9.8.jar;D:\java_dev_env\maven-repository\com\fasterxml\jackson\module\jackson-module-parameter-names\2.9.8\jackson-module-parameter-names-2.9.8.jar;D:\java_dev_env\maven-repository\org\springframework\boot\spring-boot-starter-tomcat\2.1.4.RELEASE\spring-boot-starter-tomcat-2.1.4.RELEASE.jar;D:\java_dev_env\maven-repository\org\apache\tomcat\embed\tomcat-embed-core\9.0.17\tomcat-embed-core-9.0.17.jar;D:\java_dev_env\maven-repository\org\apache\tomcat\embed\tomcat-embed-el\9.0.17\tomcat-embed-el-9.0.17.jar;D:\java_dev_env\maven-repository\org\apache\tomcat\embed\tomcat-embed-websocket\9.0.17\tomcat-embed-websocket-9.0.17.jar;D:\java_dev_env\maven-repository\org\hibernate\validator\hibernate-validator\6.0.16.Final\hibernate-validator-6.0.16.Final.jar;D:\java_dev_env\maven-repository\javax\validation\validation-api\2.0.1.Final\validation-api-2.0.1.Final.jar;D:\java_dev_env\maven-repository\org\jboss\logging\jboss-logging\3.3.2.Final\jboss-logging-3.3.2.Final.jar;D:\java_dev_env\maven-repository\com\fasterxml\classmate\1.4.0\classmate-1.4.0.jar;D:\java_dev_env\maven-repository\org\springframework\spring-web\5.1.6.RELEASE\spring-web-5.1.6.RELEASE.jar;D:\java_dev_env\maven-repository\org\springframework\spring-beans\5.1.6.RELEASE\spring-beans-5.1.6.RELEASE.jar;D:\java_dev_env\maven-repository\org\springframework\spring-webmvc\5.1.6.RELEASE\spring-webmvc-5.1.6.RELEASE.jar;D:\java_dev_env\maven-repository\org\springframework\spring-aop\5.1.6.RELEASE\spring-aop-5.1.6.RELEASE.jar;D:\java_dev_env\maven-repository\org\springframework\spring-context\5.1.6.RELEASE\spring-context-5.1.6.RELEASE.jar;D:\java_dev_env\maven-repository\org\springframework\spring-expression\5.1.6.RELEASE\spring-expression-5.1.6.RELEASE.jar;D:\java_dev_env\maven-repository\org\springframework\boot\spring-boot-starter-test\2.1.4.RELEASE\spring-boot-starter-test-2.1.4.RELEASE.jar;D:\java_dev_env\maven-repository\org\springframework\boot\spring-boot-test\2.1.4.RELEASE\spring-boot-test-2.1.4.RELEASE.jar;D:\java_dev_env\maven-repository\org\springframework\boot\spring-boot-test-autoconfigure\2.1.4.RELEASE\spring-boot-test-autoconfigure-2.1.4.RELEASE.jar;D:\java_dev_env\maven-repository\com\jayway\jsonpath\json-path\2.4.0\json-path-2.4.0.jar;D:\java_dev_env\maven-repository\net\minidev\json-smart\2.3\json-smart-2.3.jar;D:\java_dev_env\maven-repository\net\minidev\accessors-smart\1.2\accessors-smart-1.2.jar;D:\java_dev_env\maven-repository\org\ow2\asm\asm\5.0.4\asm-5.0.4.jar;D:\java_dev_env\maven-repository\junit\junit\4.12\junit-4.12.jar;D:\java_dev_env\maven-repository\org\assertj\assertj-core\3.11.1\assertj-core-3.11.1.jar;D:\java_dev_env\maven-repository\org\mockito\mockito-core\2.23.4\mockito-core-2.23.4.jar;D:\java_dev_env\maven-repository\net\bytebuddy\byte-buddy\1.9.12\byte-buddy-1.9.12.jar;D:\java_dev_env\maven-repository\net\bytebuddy\byte-buddy-agent\1.9.12\byte-buddy-agent-1.9.12.jar;D:\java_dev_env\maven-repository\org\objenesis\objenesis\2.6\objenesis-2.6.jar;D:\java_dev_env\maven-repository\org\hamcrest\hamcrest-core\1.3\hamcrest-core-1.3.jar;D:\java_dev_env\maven-repository\org\hamcrest\hamcrest-library\1.3\hamcrest-library-1.3.jar;D:\java_dev_env\maven-repository\org\skyscreamer\jsonassert\1.5.0\jsonassert-1.5.0.jar;D:\java_dev_env\maven-repository\com\vaadin\external\google\android-json\0.0.20131108.vaadin1\android-json-0.0.20131108.vaadin1.jar;D:\java_dev_env\maven-repository\org\springframework\spring-core\5.1.6.RELEASE\spring-core-5.1.6.RELEASE.jar;D:\java_dev_env\maven-repository\org\springframework\spring-jcl\5.1.6.RELEASE\spring-jcl-5.1.6.RELEASE.jar;D:\java_dev_env\maven-repository\org\springframework\spring-test\5.1.6.RELEASE\spring-test-5.1.6.RELEASE.jar;D:\java_dev_env\maven-repository\org\xmlunit\xmlunit-core\2.6.2\xmlunit-core-2.6.2.jar;D:\java_dev_env\maven-repository\mysql\mysql-connector-java\8.0.15\mysql-connector-java-8.0.15.jar;D:\java_dev_env\maven-repository\org\springframework\boot\spring-boot-starter-jdbc\2.1.4.RELEASE\spring-boot-starter-jdbc-2.1.4.RELEASE.jar;D:\java_dev_env\maven-repository\com\zaxxer\HikariCP\3.2.0\HikariCP-3.2.0.jar;D:\java_dev_env\maven-repository\org\springframework\spring-jdbc\5.1.6.RELEASE\spring-jdbc-5.1.6.RELEASE.jar;D:\java_dev_env\maven-repository\org\springframework\spring-tx\5.1.6.RELEASE\spring-tx-5.1.6.RELEASE.jar;D:\java_dev_env\maven-repository\org\springframework\boot\spring-boot-starter-data-jpa\2.1.4.RELEASE\spring-boot-starter-data-jpa-2.1.4.RELEASE.jar;D:\java_dev_env\maven-repository\org\springframework\boot\spring-boot-starter-aop\2.1.4.RELEASE\spring-boot-starter-aop-2.1.4.RELEASE.jar;D:\java_dev_env\maven-repository\org\aspectj\aspectjweaver\1.9.2\aspectjweaver-1.9.2.jar;D:\java_dev_env\maven-repository\javax\transaction\javax.transaction-api\1.3\javax.transaction-api-1.3.jar;D:\java_dev_env\maven-repository\javax\xml\bind\jaxb-api\2.3.1\jaxb-api-2.3.1.jar;D:\java_dev_env\maven-repository\javax\activation\javax.activation-api\1.2.0\javax.activation-api-1.2.0.jar;D:\java_dev_env\maven-repository\org\hibernate\hibernate-core\5.3.9.Final\hibernate-core-5.3.9.Final.jar;D:\java_dev_env\maven-repository\javax\persistence\javax.persistence-api\2.2\javax.persistence-api-2.2.jar;D:\java_dev_env\maven-repository\org\javassist\javassist\3.23.1-GA\javassist-3.23.1-GA.jar;D:\java_dev_env\maven-repository\antlr\antlr\2.7.7\antlr-2.7.7.jar;D:\java_dev_env\maven-repository\org\jboss\jandex\2.0.5.Final\jandex-2.0.5.Final.jar;D:\java_dev_env\maven-repository\org\dom4j\dom4j\2.1.1\dom4j-2.1.1.jar;D:\java_dev_env\maven-repository\org\hibernate\common\hibernate-commons-annotations\5.0.4.Final\hibernate-commons-annotations-5.0.4.Final.jar;D:\java_dev_env\maven-repository\org\springframework\data\spring-data-jpa\2.1.6.RELEASE\spring-data-jpa-2.1.6.RELEASE.jar;D:\java_dev_env\maven-repository\org\springframework\data\spring-data-commons\2.1.6.RELEASE\spring-data-commons-2.1.6.RELEASE.jar;D:\java_dev_env\maven-repository\org\springframework\spring-orm\5.1.6.RELEASE\spring-orm-5.1.6.RELEASE.jar;D:\java_dev_env\maven-repository\org\springframework\spring-aspects\5.1.6.RELEASE\spring-aspects-5.1.6.RELEASE.jar;D:\java_dev_env\maven-repository\org\springframework\boot\spring-boot-starter-thymeleaf\2.1.4.RELEASE\spring-boot-starter-thymeleaf-2.1.4.RELEASE.jar;D:\java_dev_env\maven-repository\org\thymeleaf\thymeleaf-spring5\3.0.11.RELEASE\thymeleaf-spring5-3.0.11.RELEASE.jar;D:\java_dev_env\maven-repository\org\thymeleaf\thymeleaf\3.0.11.RELEASE\thymeleaf-3.0.11.RELEASE.jar;D:\java_dev_env\maven-repository\org\attoparser\attoparser\2.0.5.RELEASE\attoparser-2.0.5.RELEASE.jar;D:\java_dev_env\maven-repository\org\unbescape\unbescape\1.1.6.RELEASE\unbescape-1.1.6.RELEASE.jar;D:\java_dev_env\maven-repository\org\thymeleaf\extras\thymeleaf-extras-java8time\3.0.4.RELEASE\thymeleaf-extras-java8time-3.0.4.RELEASE.jar;D:\java_dev_env\maven-repository\org\springframework\boot\spring-boot-starter-mail\2.1.4.RELEASE\spring-boot-starter-mail-2.1.4.RELEASE.jar;D:\java_dev_env\maven-repository\org\springframework\spring-context-support\5.1.6.RELEASE\spring-context-support-5.1.6.RELEASE.jar;D:\java_dev_env\maven-repository\com\sun\mail\javax.mail\1.6.2\javax.mail-1.6.2.jar;D:\java_dev_env\maven-repository\javax\activation\activation\1.1\activation-1.1.jar;D:\java_dev_env\maven-repository\org\apache\commons\commons-lang3\3.3.2\commons-lang3-3.3.2.jar;D:\java_dev_env\maven-repository\org\mybatis\spring\boot\mybatis-spring-boot-starter\1.3.0\mybatis-spring-boot-starter-1.3.0.jar;D:\java_dev_env\maven-repository\org\mybatis\spring\boot\mybatis-spring-boot-autoconfigure\1.3.0\mybatis-spring-boot-autoconfigure-1.3.0.jar;D:\java_dev_env\maven-repository\org\mybatis\mybatis\3.4.4\mybatis-3.4.4.jar;D:\java_dev_env\maven-repository\org\mybatis\mybatis-spring\1.3.1\mybatis-spring-1.3.1.jar;D:\java_dev_env\maven-repository\tk\mybatis\mapper-spring-boot-starter\1.1.4\mapper-spring-boot-starter-1.1.4.jar;D:\java_dev_env\maven-repository\tk\mybatis\mapper-spring-boot-autoconfigure\1.1.4\mapper-spring-boot-autoconfigure-1.1.4.jar;D:\java_dev_env\maven-repository\tk\mybatis\mapper\3.4.3\mapper-3.4.3.jar;D:\java_dev_env\maven-repository\javax\persistence\persistence-api\1.0\persistence-api-1.0.jar;D:\java_dev_env\maven-repository\org\quartz-scheduler\quartz\2.3.1\quartz-2.3.1.jar;D:\java_dev_env\maven-repository\com\mchange\mchange-commons-java\0.2.15\mchange-commons-java-0.2.15.jar;D:\java_dev_env\maven-repository\com\zaxxer\HikariCP-java7\2.4.13\HikariCP-java7-2.4.13.jar;D:\java_dev_env\maven-repository\org\slf4j\slf4j-api\1.7.26\slf4j-api-1.7.26.jar;"/>
    <property name="sun.cpu.endian" value="little"/>
    <property name="user.home" value="C:\Users\郑润楷"/>
    <property name="user.language" value="zh"/>
    <property name="java.specification.vendor" value="Oracle Corporation"/>
    <property name="java.home" value="D:\Program Files\Java\jdk1.8.0_131\jre"/>
    <property name="basedir" value="D:\IntelliJ IDEA\IntelliJ IDEA 2018.3.5\仓库\汽车销售系统 - 副本"/>
    <property name="file.separator" value="\"/>
    <property name="line.separator" value="&#10;"/>
    <property name="java.vm.specification.vendor" value="Oracle Corporation"/>
    <property name="java.specification.name" value="Java Platform API Specification"/>
    <property name="java.awt.graphicsenv" value="sun.awt.Win32GraphicsEnvironment"/>
    <property name="surefire.real.class.path" value="C:\Users\郑润楷\AppData\Local\Temp\surefire3029735843346072237\surefirebooter4388276504983860811.jar"/>
    <property name="sun.boot.class.path" value="D:\Program Files\Java\jdk1.8.0_131\jre\lib\resources.jar;D:\Program Files\Java\jdk1.8.0_131\jre\lib\rt.jar;D:\Program Files\Java\jdk1.8.0_131\jre\lib\sunrsasign.jar;D:\Program Files\Java\jdk1.8.0_131\jre\lib\jsse.jar;D:\Program Files\Java\jdk1.8.0_131\jre\lib\jce.jar;D:\Program Files\Java\jdk1.8.0_131\jre\lib\charsets.jar;D:\Program Files\Java\jdk1.8.0_131\jre\lib\jfr.jar;D:\Program Files\Java\jdk1.8.0_131\jre\classes"/>
    <property name="user.script" value=""/>
    <property name="sun.management.compiler" value="HotSpot 64-Bit Tiered Compilers"/>
    <property name="java.runtime.version" value="1.8.0_131-b11"/>
    <property name="user.name" value="郑润楷"/>
    <property name="path.separator" value=";"/>
    <property name="os.version" value="10.0"/>
    <property name="java.endorsed.dirs" value="D:\Program Files\Java\jdk1.8.0_131\jre\lib\endorsed"/>
    <property name="java.runtime.name" value="Java(TM) SE Runtime Environment"/>
    <property name="file.encoding" value="GBK"/>
    <property name="java.vm.name" value="Java HotSpot(TM) 64-Bit Server VM"/>
    <property name="localRepository" value="D:\java_dev_env\maven-repository"/>
    <property name="java.vendor.url.bug" value="http://bugreport.sun.com/bugreport/"/>
    <property name="java.io.tmpdir" value="C:\Users\郑润楷\AppData\Local\Temp\"/>
    <property name="java.version" value="1.8.0_131"/>
    <property name="user.dir" value="D:\IntelliJ IDEA\IntelliJ IDEA 2018.3.5\仓库\汽车销售系统 - 副本"/>
    <property name="os.arch" value="amd64"/>
    <property name="java.vm.specification.name" value="Java Virtual Machine Specification"/>
    <property name="java.awt.printerjob" value="sun.awt.windows.WPrinterJob"/>
    <property name="sun.os.patch.level" value=""/>
    <property name="java.library.path" value="D:\Program Files\Java\jdk1.8.0_131\jre\bin;C:\WINDOWS\Sun\Java\bin;C:\WINDOWS\system32;C:\WINDOWS;D:\Xshell\Xftp6\;D:\Xshell\;D:\pychorm\PyQt\Lib\site-packages\PyQt5;D:\Program Files\Java\jdk1.8.0_131\bin;D:\Program Files\Java\jdk1.8.0_131\jre\bin;D:\Spring tools sulues\apache-maven-3.6.0\bin;D:\SDK\platform-tools;D:\SDK\tools;D:\Program Files\Microsoft SQL Server\110\DTS\Binn\;D:\Program Files (x86)\Microsoft SQL Server\110\Tools\Binn\;D:\Program Files\Microsoft SQL Server\110\Tools\Binn\;D:\Program Files (x86)\Microsoft SQL Server\110\Tools\Binn\ManagementStudio\;C:\Program Files (x86)\Microsoft Visual Studio 10.0\Common7\IDE\PrivateAssemblies\;D:\Program Files (x86)\Microsoft SQL Server\110\DTS\Binn\;C:\WINDOWS\system32;C:\WINDOWS;C:\WINDOWS\system32\wbem;D:\MongoDB\bin;C:\WINDOWS\System32\Wbem;C:\WINDOWS\System32\WindowsPowerShell\v1.0\;C:\WINDOWS\System32\OpenSSH\;C:\Program Files\Intel\WiFi\bin\;C:\Program Files\Common Files\Intel\WirelessCommon\;D:\Matlab 2016a\Matlab\runtime\win64;D:\Matlab 2016a\Matlab\bin;D:\Matlab 2016a\Matlab\polyspace\bin;C:\Program Files\MySQL\MySQL Server 5.5\bin;D:\Program Files\Microsoft SQL Server\130\Tools\Binn\;C:\Program Files (x86)\Microsoft SQL Server\100\Tools\Binn\;C:\Program Files\Microsoft SQL Server\100\Tools\Binn\;C:\Program Files\Microsoft SQL Server\100\DTS\Binn\;C:\Program Files\dotnet\;D:\VS2015\VC\bin;D:\node\;D:\Github\git\Git\cmd;D:\Python 3.7.0\Scripts\;D:\Python 3.7.0\;C:\Users\郑润楷\AppData\Local\Microsoft\WindowsApps;C:\Program Files\MySQL\MySQL Server 5.5\bin;C:\Users\郑润楷\AppData\Local\Microsoft\WindowsApps;D:\VsCode\Microsoft VS Code\bin;C:\Users\郑润楷\AppData\Roaming\npm;."/>
    <property name="java.vm.info" value="mixed mode"/>
    <property name="java.vendor" value="Oracle Corporation"/>
    <property name="java.vm.version" value="25.131-b11"/>
    <property name="java.ext.dirs" value="D:\Program Files\Java\jdk1.8.0_131\jre\lib\ext;C:\WINDOWS\Sun\Java\lib\ext"/>
    <property name="sun.io.unicode.encoding" value="UnicodeLittle"/>
    <property name="java.class.version" value="52.0"/>
  </properties>
  <testcase name="contextLoads" classname="com.mymendian.mymendian.MymendianApplicationTests" time="0.206"/>
</testsuite>